loadingscreen_I1.gtf 
loadingscreen_I2.gtf 
loadingscreen_I5.gtf 
loadingscreen_I7.gtf 
loadingscreen_IE.gtf 
loadingscreen_I10.gtf 
loadingscreen_I12.gtf 
loadingscreen_I14.gtf 
loadingscreen_I18.gtf 
loadingscreen_I1D.gtf 
loadingscreen_I1F.gtf 
loadingscreen_I24.gtf 
loadingscreen_I26.gtf 
loadingscreen_I28.gtf 
loadingscreen_I2A.gtf 
loadingscreen_I2C.gtf 
loadingscreen_I30.gtf 
loadingscreen_I33.gtf 
loadingscreen_I37.gtf 
loadingscreen_I3C.gtf 
loadingscreen_I41.gtf 
loadingscreen_I46.gtf 
loadingscreen_I50.gtf 
loadingscreen_I54.gtf 
loadingscreen_I56.gtf 
loadingscreen_I59.gtf 
loadingscreen_I5C.gtf 
loadingscreen_I5E.gtf 
loadingscreen_I61.gtf 
loadingscreen.gfx 
